Array
(
    [class_id] => Mly0001
    [child_name] => Yuna
)
Array
(
    [class_id] => Mly0001
    [child_name] => Yuna
)
Array
(
    [class_id] => Mly0001
    [child_name] => Yuna
)
Starting save_cart.php
Connected to DB
Session verified
JSON decoded: Array
(
    [subject_id] => 11132
    [subject_name] => Math
    [price] => 510
    [child_name] => Hansen
    [class_id] => Mat0001
    [teacher_id] => 12123
)

Validated input
Subject verified
Class verified
Teacher verified
Child verified: 3
Error: SQLSTATE[42S22]: Column not found: 1054 Unknown column 'subject_id' in 'where clause'
Starting save_cart.php
Connected to DB
Session verified, Parent ID: 3
JSON decoded: Array
(
    [subject_id] => 11132
    [subject_name] => Math
    [price] => 510
    [child_name] => Hansen
    [class_id] => Mat0001
    [teacher_id] => 12123
)

Validated input
Subject verified
Class verified
Teacher verified
Child verified: 3
Error: SQLSTATE[42S22]: Column not found: 1054 Unknown column 'subject_id' in 'where clause'
save_cart.php: Starting
save_cart.php: Connected to DB
save_cart.php: Session verified, Parent ID: 3
save_cart.php: JSON decoded: Array
(
    [subject_id] => 11132
    [subject_name] => Math
    [price] => 510
    [child_name] => Hansen
    [class_id] => Mat0001
    [teacher_id] => 12123
)

save_cart.php: Validated input: subject_id=11132, class_id=Mat0001, teacher_id=12123
save_cart.php: Subject verified: Array
(
    [subject_name] => Math
    [subject_price] => 510.00
)

save_cart.php: Class verified: Array
(
    [class_id] => Mat0001
    [subject_id] => 11132
    [teacher_id] => 12123
)

save_cart.php: Teacher verified
save_cart.php: Child verified: child_id=3
save_cart.php: Error: SQLSTATE[42S22]: Column not found: 1054 Unknown column 'subject_id' in 'where clause'
save_cart.php: Starting
save_cart.php: Connected to DB
save_cart.php: Session verified, Parent ID: 3
save_cart.php: JSON decoded: Array
(
    [subject_id] => 11132
    [subject_name] => Math
    [price] => 510
    [child_name] => Hansen
    [class_id] => Mat0001
    [teacher_id] => 12123
)

save_cart.php: Validated input: subject_id=11132, class_id=Mat0001, teacher_id=12123
save_cart.php: Subject verified: Array
(
    [subject_name] => Math
    [subject_price] => 510.00
)

save_cart.php: Class verified: Array
(
    [class_id] => Mat0001
    [subject_id] => 11132
    [teacher_id] => 12123
)

save_cart.php: Teacher verified
save_cart.php: Child verified: child_id=3
save_cart.php: Error: SQLSTATE[42S22]: Column not found: 1054 Unknown column 'subject_id' in 'where clause'
save_cart.php: Starting
save_cart.php: Connected to DB
save_cart.php: Session verified, Parent ID: 3
save_cart.php: JSON decoded: Array
(
    [subject_id] => 11132
    [subject_name] => Math
    [price] => 510
    [child_name] => Hansen
    [class_id] => Mat0001
    [teacher_id] => 12123
)

save_cart.php: Validated input: subject_id=11132, class_id=Mat0001, teacher_id=12123
save_cart.php: Subject verified: Array
(
    [subject_name] => Math
    [subject_price] => 510.00
)

save_cart.php: Class verified: Array
(
    [class_id] => Mat0001
    [subject_id] => 11132
    [teacher_id] => 12123
)

save_cart.php: Teacher verified
save_cart.php: Child verified: child_id=3
save_cart.php: Error: SQLSTATE[42S22]: Column not found: 1054 Unknown column 'subject_id' in 'where clause'
save_cart.php: Starting
save_cart.php: Connected to DB
save_cart.php: Session verified, Parent ID: 3
save_cart.php: JSON decoded: Array
(
    [subject_id] => 11132
    [subject_name] => Math
    [price] => 510
    [child_name] => Hansen
    [class_id] => Mat0001
    [teacher_id] => 12123
)

save_cart.php: Validated input: subject_id=11132, class_id=Mat0001, teacher_id=12123
save_cart.php: Subject verified: Array
(
    [subject_name] => Math
    [subject_price] => 510.00
)

save_cart.php: Class verified: Array
(
    [class_id] => Mat0001
    [subject_id] => 11132
    [teacher_id] => 12123
)

save_cart.php: Teacher verified
save_cart.php: Child verified: child_id=3
save_cart.php: Registration checked
save_cart.php: Cart checked: 
save_cart.php: Inserted into cart
get_cart.php: Connected to DB
get_cart.php: Fetched cart items: Array
(
    [0] => Array
        (
            [cart_id] => 1
            [parent_id] => 3
            [child_id] => 3
            [class_id] => Mat0001
            [deleted] => 0
            [child_name] => Hansen
            [class_capacity] => 30
            [class_enrolled] => 2
            [part_id] => 1
            [class_time] => Wednesday 2:30pm - 4:30pm
            [year] => Year 1
            [subject_id] => 11132
            [teacher_id] => 12123
            [subject_name] => Math
            [subject_image] => img/math.jpg
            [price] => 510.00
            [teacher_name] => Mr. David
        )

)

get_cart.php: Connected to DB
get_cart.php: Fetched cart items: Array
(
    [0] => Array
        (
            [cart_id] => 1
            [parent_id] => 3
            [child_id] => 3
            [class_id] => Mat0001
            [deleted] => 0
            [child_name] => Hansen
            [class_capacity] => 30
            [class_enrolled] => 2
            [part_id] => 1
            [class_time] => Wednesday 2:30pm - 4:30pm
            [year] => Year 1
            [subject_id] => 11132
            [teacher_id] => 12123
            [subject_name] => Math
            [subject_image] => img/math.jpg
            [price] => 510.00
            [teacher_name] => Mr. David
        )

)

